2016-09-14 18:06:21,449-ERROR-4
2016-09-14 18:06:21,449-CRITICAL-5
2016-09-14 18:06:57,768-ERROR-4
2016-09-14 18:06:57,768-CRITICAL-5
2016-09-14 18:14:21,451-log模块扩展.py-ERROR-4
2016-09-14 18:14:21,452-log模块扩展.py-CRITICAL-5
2016-09-14 18:18:04,397-41-ERROR-4
2016-09-14 18:18:04,397-42-CRITICAL-5
2016-09-14 18:20:14,916-41-ERROR-%(process)s
2016-09-14 18:20:14,917-42-CRITICAL-%(process)s
2016-09-14 18:20:40,001-41-ERROR-%(process)d
2016-09-14 18:20:40,001-42-CRITICAL-%(process)d
2016-09-14 18:21:16,217-41-ERROR-%(process)d
2016-09-14 18:21:16,217-42-CRITICAL-%(process)d
2016-09-14 18:22:26,775-41-36288-ERROR-4
2016-09-14 18:22:26,775-42-36288-CRITICAL-5
2016-09-22 12:45:42,284-42-8820-ERROR-4
2016-09-22 12:45:42,284-43-8820-CRITICAL-5
2016-12-17 14:56:40,338-41-5268-ERROR-4
2016-12-17 14:56:40,352-42-5268-CRITICAL-5
2016-12-17 14:57:40,146-41-9224-ERROR-4
2016-12-17 14:57:40,146-42-9224-CRITICAL-5
2016-12-17 14:57:48,302-41-5852-ERROR-4
2016-12-17 14:57:48,302-42-5852-CRITICAL-5
2016-12-17 14:59:36,649-41-14844-ERROR-4
2016-12-17 14:59:36,649-42-14844-CRITICAL-5
